<?xml version="1.0" encoding="UTF-8"?>
<testsuite xmlns:xsi="http://www.w3.org/2001/XMLSchema-instance" xsi:noNamespaceSchemaLocation="https://maven.apache.org/surefire/maven-surefire-plugin/xsd/surefire-test-report-3.0.xsd" version="3.0" name="TestSuite" time="29.472" tests="2" errors="0" skipped="0" failures="1">
  <properties>
[...]
</properties>
  <testcase name="runScenario[&quot;Airport cab services&quot;, &quot;Optional[Airport]&quot;](1)" classname="com.mindtree.runner.TestRunner" time="15.565">
    <system-out><![CDATA[[main] DEBUG Hooks.class  - Opening driver
[main] INFO  Hooks.class  - Driver opened
[main] DEBUG Hooks.class  - Opening URL
[main] INFO  Test1  - Savaari website is displayed
[main] INFO  Hooks.class  - Driver closed
[main] INFO  Hooks.class  - Scenario completed
]]></system-out>
    <system-err><![CDATA[Starting ChromeDriver 96.0.4664.45 (76e4c1bb2ab4671b8beba3444e61c0f17584b2fc-refs/branch-heads/4664@{#947}) on port 15285
Only local connections are allowed.
Please see https://chromedriver.chromium.org/security-considerations for suggestions on keeping ChromeDriver safe.
ChromeDriver was started successfully.
[1642299346.761][WARNING]: This version of ChromeDriver has not been tested with Chrome version 97.
Jan 16, 2022 7:45:46 AM org.openqa.selenium.remote.ProtocolHandshake createSession
INFO: Detected dialect: W3C
]]></system-err>
  </testcase>
  <testcase name="runScenario[&quot;Airport cab services&quot;, &quot;Optional[Airport]&quot;](2)" classname="com.mindtree.runner.TestRunner" time="12.559">
    <failure message="no such element: Unable to locate element: {&quot;method&quot;:&quot;xpath&quot;,&quot;selector&quot;:&quot;.//*[@id=&apos;approot&apos;]/mat-sidenav-container/mat-sidenav-content/app-select-car/div[2]/div/div/div[1]/div/div[4]/div/button&quot;}&#10;  (Session info: chrome=97.0.4692.71)&#10;For documentation on this error, please visit: https://www.seleniumhq.org/exceptions/no_such_element.html&#10;Build info: version: &apos;3.141.59&apos;, revision: &apos;e82be7d358&apos;, time: &apos;2018-11-14T08:17:03&apos;&#10;System info: host: &apos;LAPTOP-Q1QGKN5O&apos;, ip: &apos;192.168.1.8&apos;, os.name: &apos;Windows 10&apos;, os.arch: &apos;amd64&apos;, os.version: &apos;10.0&apos;, java.version: &apos;17&apos;&#10;Driver info: org.openqa.selenium.chrome.ChromeDriver&#10;Capabilities {acceptInsecureCerts: false, browserName: chrome, browserVersion: 97.0.4692.71, chrome: {chromedriverVersion: 96.0.4664.45 (76e4c1bb2ab46..., userDataDir: C:\Users\Kiran\AppData\Loca...}, goog:chromeOptions: {debuggerAddress: localhost:64352}, javascriptEnabled: true, networkConnectionEnabled: false, pageLoadStrategy: normal, platform: WINDOWS, platformName: WINDOWS, proxy: Proxy(), setWindowRect: true, strictFileInteractability: false, timeouts: {implicit: 0, pageLoad: 300000, script: 30000}, unhandledPromptBehavior: dismiss and notify, webauthn:extension:credBlob: true, webauthn:extension:largeBlob: true, webauthn:virtualAuthenticators: true}&#10;Session ID: 6fcc385ca1e51ee69639a4841b0d0e35&#10;*** Element info: {Using=xpath, value=.//*[@id=&apos;approot&apos;]/mat-sidenav-container/mat-sidenav-content/app-select-car/div[2]/div/div/div[1]/div/div[4]/div/button}" type="org.openqa.selenium.NoSuchElementException"><![CDATA[org.openqa.selenium.NoSuchElementException: 
no such element: Unable to locate element: {"method":"xpath","selector":".//*[@id='approot']/mat-sidenav-container/mat-sidenav-content/app-select-car/div[2]/div/div/div[1]/div/div[4]/div/button"}
  (Session info: chrome=97.0.4692.71)
For documentation on this error, please visit: https://www.seleniumhq.org/exceptions/no_such_element.html
Build info: version: '3.141.59', revision: 'e82be7d358', time: '2018-11-14T08:17:03'
System info: host: 'LAPTOP-Q1QGKN5O', ip: '192.168.1.8', os.name: 'Windows 10', os.arch: 'amd64', os.version: '10.0', java.version: '17'
Driver info: org.openqa.selenium.chrome.ChromeDriver
Capabilities {acceptInsecureCerts: false, browserName: chrome, browserVersion: 97.0.4692.71, chrome: {chromedriverVersion: 96.0.4664.45 (76e4c1bb2ab46..., userDataDir: C:\Users\Kiran\AppData\Loca...}, goog:chromeOptions: {debuggerAddress: localhost:64352}, javascriptEnabled: true, networkConnectionEnabled: false, pageLoadStrategy: normal, platform: WINDOWS, platformName: WINDOWS, proxy: Proxy(), setWindowRect: true, strictFileInteractability: false, timeouts: {implicit: 0, pageLoad: 300000, script: 30000}, unhandledPromptBehavior: dismiss and notify, webauthn:extension:credBlob: true, webauthn:extension:largeBlob: true, webauthn:virtualAuthenticators: true}
Session ID: 6fcc385ca1e51ee69639a4841b0d0e35
*** Element info: {Using=xpath, value=.//*[@id='approot']/mat-sidenav-container/mat-sidenav-content/app-select-car/div[2]/div/div/div[1]/div/div[4]/div/button}
]]></failure>
    <system-out><![CDATA[[main] DEBUG Hooks.class  - Opening driver
[main] INFO  Hooks.class  - Driver opened
[main] DEBUG Hooks.class  - Opening URL
[main] INFO  Test1  - Savaari website is displayed
[main] INFO  Hooks.class  - Driver closed
[main] INFO  Hooks.class  - Scenario completed
]]></system-out>
    <system-err><![CDATA[Starting ChromeDriver 96.0.4664.45 (76e4c1bb2ab4671b8beba3444e61c0f17584b2fc-refs/branch-heads/4664@{#947}) on port 32473
Only local connections are allowed.
Please see https://chromedriver.chromium.org/security-considerations for suggestions on keeping ChromeDriver safe.
ChromeDriver was started successfully.
[1642299361.559][WARNING]: This version of ChromeDriver has not been tested with Chrome version 97.
Jan 16, 2022 7:46:01 AM org.openqa.selenium.remote.ProtocolHandshake createSession
INFO: Detected dialect: W3C
]]></system-err>
  </testcase>
</testsuite>